Arguments: 
  /usr/local/Cellar/node/14.3.0/bin/node /usr/local/Cellar/yarn/1.22.0/libexec/bin/yarn.js add uuis

PATH: 
  /usr/local/opt/python@3.8/bin:/usr/local/opt/icu4c/sbin:/usr/local/opt/icu4c/bin:/opt/minc/1.9.17/bin:/opt/minc/1.9.17/pipeline:/usr/local/opt/flex/bin:/usr/local/opt/bison/bin:/usr/local/sbin:/usr/local/opt/krb5/sbin:/usr/local/opt/krb5/bin:/Users/nathan/bin:/usr/local/bin:/usr/bin:/bin:/usr/sbin:/sbin:/Library/Apple/usr/bin:/usr/local/opt/python@3.8/bin:/usr/local/opt/icu4c/sbin:/usr/local/opt/icu4c/bin:/opt/minc/1.9.17/bin:/opt/minc/1.9.17/pipeline:/usr/local/opt/flex/bin:/usr/local/opt/bison/bin:/usr/local/sbin:/usr/local/opt/krb5/sbin:/usr/local/opt/krb5/bin:/Users/nathan/bin

Yarn version: 
  1.22.0

Node version: 
  14.3.0

Platform: 
  darwin x64

Trace: 
  Error: https://registry.yarnpkg.com/uuis: Not found
      at Request.params.callback [as _callback] (/usr/local/Cellar/yarn/1.22.0/libexec/lib/cli.js:66975:18)
      at Request.self.callback (/usr/local/Cellar/yarn/1.22.0/libexec/lib/cli.js:140727:22)
      at Request.emit (events.js:315:20)
      at Request.<anonymous> (/usr/local/Cellar/yarn/1.22.0/libexec/lib/cli.js:141699:10)
      at Request.emit (events.js:315:20)
      at IncomingMessage.<anonymous> (/usr/local/Cellar/yarn/1.22.0/libexec/lib/cli.js:141621:12)
      at Object.onceWrapper (events.js:421:28)
      at IncomingMessage.emit (events.js:327:22)
      at endReadableNT (_stream_readable.js:1224:12)
      at processTicksAndRejections (internal/process/task_queues.js:84:21)

npm manifest: 
  No manifest

yarn manifest: 
  No manifest

Lockfile: 
  No lockfile
